# JRE version: Java(TM) SE Runtime Environment (21.0.9+7) (build 21.0.9+7-LTS-338)
# Java VM: Java HotSpot(TM) 64-Bit Server VM (21.0.9+7-LTS-338, mixed mode, sharing, tiered, compressed oops, compressed class ptrs, g1 gc, windows-amd64)
GC Precious Log:
 CardTable entry size: 512
 Card Set container configuration: InlinePtr #cards 4 size 8 Array Of Cards #cards 16 size 48 Howl #buckets 8 coarsen threshold 3686 Howl Bitmap #cards 512 size 80 coarsen threshold 460 Card regions per heap region 1 cards per card region 4096
 CPUs: 8 total, 8 available
 Memory: 12138M
 Large Page Support: Disabled
 NUMA Support: Disabled
 Compressed Oops: Enabled (Zero based)
 Heap Region Size: 2M
 Heap Min Capacity: 8M
 Heap Initial Capacity: 190M
 Heap Max Capacity: 3036M
 Pre-touch: Disabled
 Parallel Workers: 8
 Concurrent Workers: 2
 Concurrent Refinement Workers: 8
 Periodic GC: Disabled
Heap:
 garbage-first heap   total 73728K, used 48037K [0x0000000742400000, 0x0000000800000000)
  region size 2048K, 16 young (32768K), 2 survivors (4096K)
 Metaspace       used 29049K, committed 29376K, reserved 1114112K
  class space    used 3372K, committed 3520K, reserved 1048576K
GC Heap History (10 events):
Event: 2.882 GC heap before
{Heap before GC invocations=0 (full 0):
 garbage-first heap   total 194560K, used 22528K [0x0000000742400000, 0x0000000800000000)
  region size 2048K, 11 young (22528K), 0 survivors (0K)
 Metaspace       used 5593K, committed 5760K, reserved 1114112K
  class space    used 650K, committed 768K, reserved 1048576K
}
Event: 2.889 GC heap after
{Heap after GC invocations=1 (full 0):
 garbage-first heap   total 194560K, used 3920K [0x0000000742400000, 0x0000000800000000)
  region size 2048K, 2 young (4096K), 2 survivors (4096K)
 Metaspace       used 5593K, committed 5760K, reserved 1114112K
  class space    used 650K, committed 768K, reserved 1048576K
}
Event: 3.821 GC heap before
{Heap before GC invocations=1 (full 0):
 garbage-first heap   total 194560K, used 36688K [0x0000000742400000, 0x0000000800000000)
  region size 2048K, 18 young (36864K), 2 survivors (4096K)
 Metaspace       used 9077K, committed 9216K, reserved 1114112K
  class space    used 1080K, committed 1152K, reserved 1048576K
}
Event: 3.826 GC heap after
{Heap after GC invocations=2 (full 0):
 garbage-first heap   total 194560K, used 5193K [0x0000000742400000, 0x0000000800000000)
  region size 2048K, 1 young (2048K), 1 survivors (2048K)
 Metaspace       used 9077K, committed 9216K, reserved 1114112K
  class space    used 1080K, committed 1152K, reserved 1048576K
}
Event: 9.226 GC heap before
{Heap before GC invocations=2 (full 0):
 garbage-first heap   total 194560K, used 85065K [0x0000000742400000, 0x0000000800000000)
  region size 2048K, 42 young (86016K), 1 survivors (2048K)
 Metaspace       used 21195K, committed 21504K, reserved 1114112K
  class space    used 2520K, committed 2688K, reserved 1048576K
}
Event: 9.238 GC heap after
{Heap after GC invocations=3 (full 0):
 garbage-first heap   total 194560K, used 12463K [0x0000000742400000, 0x0000000800000000)
  region size 2048K, 5 young (10240K), 5 survivors (10240K)
 Metaspace       used 21195K, committed 21504K, reserved 1114112K
  class space    used 2520K, committed 2688K, reserved 1048576K
}
Event: 10.007 GC heap before
{Heap before GC invocations=4 (full 0):
 garbage-first heap   total 55296K, used 53423K [0x0000000742400000, 0x0000000800000000)
  region size 2048K, 25 young (51200K), 5 survivors (10240K)
 Metaspace       used 25983K, committed 26304K, reserved 1114112K
  class space    used 3015K, committed 3200K, reserved 1048576K
}
Event: 10.031 GC heap after
{Heap after GC invocations=5 (full 0):
 garbage-first heap   total 73728K, used 21501K [0x0000000742400000, 0x0000000800000000)
  region size 2048K, 8 young (16384K), 8 survivors (16384K)
 Metaspace       used 25983K, committed 26304K, reserved 1114112K
  class space    used 3015K, committed 3200K, reserved 1048576K
}
Event: 11.665 GC heap before
{Heap before GC invocations=5 (full 0):
 garbage-first heap   total 73728K, used 48125K [0x0000000742400000, 0x0000000800000000)
  region size 2048K, 21 young (43008K), 8 survivors (16384K)
 Metaspace       used 27489K, committed 27840K, reserved 1114112K
  class space    used 3164K, committed 3328K, reserved 1048576K
}
Event: 11.687 GC heap after
{Heap after GC invocations=6 (full 0):
 garbage-first heap   total 73728K, used 21413K [0x0000000742400000, 0x0000000800000000)
  region size 2048K, 2 young (4096K), 2 survivors (4096K)
 Metaspace       used 27489K, committed 27840K, reserved 1114112K
  class space    used 3164K, committed 3328K, reserved 1048576K
}

